{"name":"hexo","hostname":"PC201611071415","pid":9340,"level":20,"msg":"Hexo version: \u001b[35m3.2.2\u001b[39m","time":"2017-03-07T06:49:16.208Z","v":0}
{"name":"hexo","hostname":"PC201611071415","pid":9340,"level":20,"msg":"Working directory: \u001b[35mE:\\vue练习\\parent\\blog\\\u001b[39m","time":"2017-03-07T06:49:16.211Z","v":0}
{"name":"hexo","hostname":"PC201611071415","pid":9340,"level":20,"msg":"Config loaded: \u001b[35mE:\\vue练习\\parent\\blog\\_config.yml\u001b[39m","time":"2017-03-07T06:49:16.392Z","v":0}
{"name":"hexo","hostname":"PC201611071415","pid":9340,"level":20,"msg":"Plugin loaded: \u001b[35mhexo-generator-archive\u001b[39m","time":"2017-03-07T06:49:16.415Z","v":0}
{"name":"hexo","hostname":"PC201611071415","pid":9340,"level":20,"msg":"Plugin loaded: \u001b[35mhexo-generator-category\u001b[39m","time":"2017-03-07T06:49:16.418Z","v":0}
{"name":"hexo","hostname":"PC201611071415","pid":9340,"level":20,"msg":"Plugin loaded: \u001b[35mhexo-deployer-git\u001b[39m","time":"2017-03-07T06:49:16.634Z","v":0}
{"name":"hexo","hostname":"PC201611071415","pid":9340,"level":20,"msg":"Plugin loaded: \u001b[35mhexo-generator-index\u001b[39m","time":"2017-03-07T06:49:16.636Z","v":0}
{"name":"hexo","hostname":"PC201611071415","pid":9340,"level":20,"msg":"Plugin loaded: \u001b[35mhexo-generator-tag\u001b[39m","time":"2017-03-07T06:49:16.638Z","v":0}
{"name":"hexo","hostname":"PC201611071415","pid":9340,"level":20,"msg":"Plugin loaded: \u001b[35mhexo-renderer-marked\u001b[39m","time":"2017-03-07T06:49:16.647Z","v":0}
{"name":"hexo","hostname":"PC201611071415","pid":9340,"level":20,"msg":"Plugin loaded: \u001b[35mhexo-renderer-ejs\u001b[39m","time":"2017-03-07T06:49:16.653Z","v":0}
{"name":"hexo","hostname":"PC201611071415","pid":9340,"level":20,"msg":"Plugin loaded: \u001b[35mhexo-server\u001b[39m","time":"2017-03-07T06:49:16.756Z","v":0}
{"name":"hexo","hostname":"PC201611071415","pid":9340,"level":20,"msg":"Plugin loaded: \u001b[35mhexo-renderer-stylus\u001b[39m","time":"2017-03-07T06:49:16.758Z","v":0}
{"name":"hexo","hostname":"PC201611071415","pid":9340,"level":20,"msg":"Loading database.","time":"2017-03-07T06:49:16.774Z","v":0}
{"name":"hexo","hostname":"PC201611071415","pid":9340,"level":30,"msg":"Start processing","time":"2017-03-07T06:49:16.785Z","v":0}
{"name":"hexo","hostname":"PC201611071415","pid":9340,"level":20,"msg":"Theme config loaded.","time":"2017-03-07T06:49:17.321Z","v":0}
{"name":"hexo","hostname":"PC201611071415","pid":9340,"level":20,"msg":"Processed: \u001b[35m_config.yml\u001b[39m","time":"2017-03-07T06:49:17.323Z","v":0}
{"name":"hexo","hostname":"PC201611071415","pid":9340,"level":20,"msg":"Processed: \u001b[35msource/css/duoshuo.css\u001b[39m","time":"2017-03-07T06:49:17.368Z","v":0}
{"name":"hexo","hostname":"PC201611071415","pid":9340,"level":20,"msg":"Processed: \u001b[35msource/css/gallery.min.css\u001b[39m","time":"2017-03-07T06:49:17.370Z","v":0}
{"name":"hexo","hostname":"PC201611071415","pid":9340,"level":20,"msg":"Processed: \u001b[35msource/css/duoshuo.min.css\u001b[39m","time":"2017-03-07T06:49:17.371Z","v":0}
{"name":"hexo","hostname":"PC201611071415","pid":9340,"level":20,"msg":"Processed: \u001b[35msource/css/ie-blocker.css\u001b[39m","time":"2017-03-07T06:49:17.372Z","v":0}
{"name":"hexo","hostname":"PC201611071415","pid":9340,"level":20,"msg":"Processed: \u001b[35msource/css/uc.css\u001b[39m","time":"2017-03-07T06:49:17.373Z","v":0}
{"name":"hexo","hostname":"PC201611071415","pid":9340,"level":20,"msg":"Processed: \u001b[35msource/fonts/MaterialIcons-Regular.woff\u001b[39m","time":"2017-03-07T06:49:17.375Z","v":0}
{"name":"hexo","hostname":"PC201611071415","pid":9340,"level":20,"msg":"Processed: \u001b[35msource/fonts/MaterialIcons-Regular.woff2\u001b[39m","time":"2017-03-07T06:49:17.375Z","v":0}
{"name":"hexo","hostname":"PC201611071415","pid":9340,"level":20,"msg":"Processed: \u001b[35msource/img/bg.png\u001b[39m","time":"2017-03-07T06:49:17.376Z","v":0}
{"name":"hexo","hostname":"PC201611071415","pid":9340,"level":20,"msg":"Processed: \u001b[35msource/img/avatar.png\u001b[39m","time":"2017-03-07T06:49:17.377Z","v":0}
{"name":"hexo","hostname":"PC201611071415","pid":9340,"level":20,"msg":"Processed: \u001b[35msource/img/favicon.png\u001b[39m","time":"2017-03-07T06:49:17.377Z","v":0}
{"name":"hexo","hostname":"PC201611071415","pid":9340,"level":20,"msg":"Processed: \u001b[35msource/img/logo.png\u001b[39m","time":"2017-03-07T06:49:17.378Z","v":0}
{"name":"hexo","hostname":"PC201611071415","pid":9340,"level":20,"msg":"Processed: \u001b[35msource/js/ie-blocker.en.js\u001b[39m","time":"2017-03-07T06:49:17.378Z","v":0}
{"name":"hexo","hostname":"PC201611071415","pid":9340,"level":20,"msg":"Processed: \u001b[35msource/js/ie-blocker.zhCN.js\u001b[39m","time":"2017-03-07T06:49:17.379Z","v":0}
{"name":"hexo","hostname":"PC201611071415","pid":9340,"level":20,"msg":"Processed: \u001b[35msource/img/upyun_logo.png\u001b[39m","time":"2017-03-07T06:49:17.380Z","v":0}
{"name":"hexo","hostname":"PC201611071415","pid":9340,"level":20,"msg":"Processed: \u001b[35msource/js/lazyload.min.js\u001b[39m","time":"2017-03-07T06:49:17.386Z","v":0}
{"name":"hexo","hostname":"PC201611071415","pid":9340,"level":20,"msg":"Processed: \u001b[35msource/js/nprogress.js\u001b[39m","time":"2017-03-07T06:49:17.387Z","v":0}
{"name":"hexo","hostname":"PC201611071415","pid":9340,"level":20,"msg":"Processed: \u001b[35msource/js/queue.js\u001b[39m","time":"2017-03-07T06:49:17.388Z","v":0}
{"name":"hexo","hostname":"PC201611071415","pid":9340,"level":20,"msg":"Processed: \u001b[35msource/js/ripple.js\u001b[39m","time":"2017-03-07T06:49:17.392Z","v":0}
{"name":"hexo","hostname":"PC201611071415","pid":9340,"level":20,"msg":"Processed: \u001b[35msource/js/smoothscroll.js\u001b[39m","time":"2017-03-07T06:49:17.393Z","v":0}
{"name":"hexo","hostname":"PC201611071415","pid":9340,"level":20,"msg":"Processed: \u001b[35msource/css/material.min.css\u001b[39m","time":"2017-03-07T06:49:17.398Z","v":0}
{"name":"hexo","hostname":"PC201611071415","pid":9340,"level":20,"msg":"Processed: \u001b[35msource/css/style.css\u001b[39m","time":"2017-03-07T06:49:17.399Z","v":0}
{"name":"hexo","hostname":"PC201611071415","pid":9340,"level":20,"msg":"Processed: \u001b[35msource/css/style.min.css\u001b[39m","time":"2017-03-07T06:49:17.400Z","v":0}
{"name":"hexo","hostname":"PC201611071415","pid":9340,"level":20,"msg":"Processed: \u001b[35msource/fonts/MaterialIcons-Regular.ttf\u001b[39m","time":"2017-03-07T06:49:17.401Z","v":0}
{"name":"hexo","hostname":"PC201611071415","pid":9340,"level":20,"msg":"Processed: \u001b[35msource/fonts/FontAwesome.otf\u001b[39m","time":"2017-03-07T06:49:17.402Z","v":0}
{"name":"hexo","hostname":"PC201611071415","pid":9340,"level":20,"msg":"Processed: \u001b[35msource/fonts/fontawesome-webfont.woff\u001b[39m","time":"2017-03-07T06:49:17.403Z","v":0}
{"name":"hexo","hostname":"PC201611071415","pid":9340,"level":20,"msg":"Processed: \u001b[35msource/fonts/fontawesome-webfont.woff2\u001b[39m","time":"2017-03-07T06:49:17.404Z","v":0}
{"name":"hexo","hostname":"PC201611071415","pid":9340,"level":20,"msg":"Processed: \u001b[35msource/img/daily_pic.png\u001b[39m","time":"2017-03-07T06:49:17.405Z","v":0}
{"name":"hexo","hostname":"PC201611071415","pid":9340,"level":20,"msg":"Processed: \u001b[35msource/fonts/fontawesome-webfont.eot\u001b[39m","time":"2017-03-07T06:49:17.509Z","v":0}
{"name":"hexo","hostname":"PC201611071415","pid":9340,"level":20,"msg":"Processed: \u001b[35m_posts/hello-world.md\u001b[39m","time":"2017-03-07T06:49:17.542Z","v":0}
{"name":"hexo","hostname":"PC201611071415","pid":9340,"level":20,"msg":"Processed: \u001b[35mlanguages/de.yml\u001b[39m","time":"2017-03-07T06:49:17.543Z","v":0}
{"name":"hexo","hostname":"PC201611071415","pid":9340,"level":20,"msg":"Processed: \u001b[35mlanguages/ar.yml\u001b[39m","time":"2017-03-07T06:49:17.543Z","v":0}
{"name":"hexo","hostname":"PC201611071415","pid":9340,"level":20,"msg":"Processed: \u001b[35mlanguages/en.yml\u001b[39m","time":"2017-03-07T06:49:17.543Z","v":0}
{"name":"hexo","hostname":"PC201611071415","pid":9340,"level":20,"msg":"Processed: \u001b[35mlanguages/ja.yml\u001b[39m","time":"2017-03-07T06:49:17.544Z","v":0}
{"name":"hexo","hostname":"PC201611071415","pid":9340,"level":20,"msg":"Processed: \u001b[35mlanguages/ms.yml\u001b[39m","time":"2017-03-07T06:49:17.544Z","v":0}
{"name":"hexo","hostname":"PC201611071415","pid":9340,"level":20,"msg":"Processed: \u001b[35mlanguages/es.yml\u001b[39m","time":"2017-03-07T06:49:17.545Z","v":0}
{"name":"hexo","hostname":"PC201611071415","pid":9340,"level":20,"msg":"Processed: \u001b[35mlanguages/pt-BR.yml\u001b[39m","time":"2017-03-07T06:49:17.547Z","v":0}
{"name":"hexo","hostname":"PC201611071415","pid":9340,"level":20,"msg":"Processed: \u001b[35mlanguages/zh-CN.yml\u001b[39m","time":"2017-03-07T06:49:17.547Z","v":0}
{"name":"hexo","hostname":"PC201611071415","pid":9340,"level":20,"msg":"Processed: \u001b[35msource/js/js.min.js\u001b[39m","time":"2017-03-07T06:49:17.552Z","v":0}
{"name":"hexo","hostname":"PC201611071415","pid":9340,"level":20,"msg":"Processed: \u001b[35msource/css/material.css\u001b[39m","time":"2017-03-07T06:49:17.557Z","v":0}
{"name":"hexo","hostname":"PC201611071415","pid":9340,"level":20,"msg":"Processed: \u001b[35msource/fonts/MaterialIcons-Regular.eot\u001b[39m","time":"2017-03-07T06:49:17.558Z","v":0}
{"name":"hexo","hostname":"PC201611071415","pid":9340,"level":20,"msg":"Processed: \u001b[35msource/fonts/fontawesome-webfont.ttf\u001b[39m","time":"2017-03-07T06:49:17.559Z","v":0}
{"name":"hexo","hostname":"PC201611071415","pid":9340,"level":20,"msg":"Processed: \u001b[35msource/img/footer/footer_ico-bilibili.png\u001b[39m","time":"2017-03-07T06:49:17.570Z","v":0}
{"name":"hexo","hostname":"PC201611071415","pid":9340,"level":20,"msg":"Processed: \u001b[35msource/img/footer/footer_ico-facebook.png\u001b[39m","time":"2017-03-07T06:49:17.571Z","v":0}
{"name":"hexo","hostname":"PC201611071415","pid":9340,"level":20,"msg":"Processed: \u001b[35msource/img/footer/footer_ico-github.png\u001b[39m","time":"2017-03-07T06:49:17.571Z","v":0}
{"name":"hexo","hostname":"PC201611071415","pid":9340,"level":20,"msg":"Processed: \u001b[35msource/img/footer/footer_ico-gplus.png\u001b[39m","time":"2017-03-07T06:49:17.572Z","v":0}
{"name":"hexo","hostname":"PC201611071415","pid":9340,"level":20,"msg":"Processed: \u001b[35msource/img/footer/footer_ico-instagram.png\u001b[39m","time":"2017-03-07T06:49:17.573Z","v":0}
{"name":"hexo","hostname":"PC201611071415","pid":9340,"level":20,"msg":"Processed: \u001b[35msource/img/footer/footer_ico-linkedin.png\u001b[39m","time":"2017-03-07T06:49:17.574Z","v":0}
{"name":"hexo","hostname":"PC201611071415","pid":9340,"level":20,"msg":"Processed: \u001b[35msource/img/footer/footer_ico-telegram.png\u001b[39m","time":"2017-03-07T06:49:17.574Z","v":0}
{"name":"hexo","hostname":"PC201611071415","pid":9340,"level":20,"msg":"Processed: \u001b[35msource/img/footer/footer_ico-tumblr.png\u001b[39m","time":"2017-03-07T06:49:17.577Z","v":0}
{"name":"hexo","hostname":"PC201611071415","pid":9340,"level":20,"msg":"Processed: \u001b[35mlayout/_partial/Isolation-post-info.ejs\u001b[39m","time":"2017-03-07T06:49:17.792Z","v":0}
{"name":"hexo","hostname":"PC201611071415","pid":9340,"level":20,"msg":"Processed: \u001b[35mlanguages/zh-TW.yml\u001b[39m","time":"2017-03-07T06:49:17.793Z","v":0}
{"name":"hexo","hostname":"PC201611071415","pid":9340,"level":20,"msg":"Processed: \u001b[35mlanguages/fr.yml\u001b[39m","time":"2017-03-07T06:49:17.793Z","v":0}
{"name":"hexo","hostname":"PC201611071415","pid":9340,"level":20,"msg":"Processed: \u001b[35msource/img/footer/footer_ico-twitter.png\u001b[39m","time":"2017-03-07T06:49:17.795Z","v":0}
{"name":"hexo","hostname":"PC201611071415","pid":9340,"level":20,"msg":"Processed: \u001b[35msource/img/footer/footer_ico-zhihu.png\u001b[39m","time":"2017-03-07T06:49:17.797Z","v":0}
{"name":"hexo","hostname":"PC201611071415","pid":9340,"level":20,"msg":"Processed: \u001b[35msource/img/gallery/arrow.svg\u001b[39m","time":"2017-03-07T06:49:17.797Z","v":0}
{"name":"hexo","hostname":"PC201611071415","pid":9340,"level":20,"msg":"Processed: \u001b[35msource/img/gallery/close.svg\u001b[39m","time":"2017-03-07T06:49:17.800Z","v":0}
{"name":"hexo","hostname":"PC201611071415","pid":9340,"level":20,"msg":"Processed: \u001b[35msource/img/gallery/spinner.svg\u001b[39m","time":"2017-03-07T06:49:17.801Z","v":0}
{"name":"hexo","hostname":"PC201611071415","pid":9340,"level":20,"msg":"Processed: \u001b[35msource/img/footer/footer_ico-weibo.png\u001b[39m","time":"2017-03-07T06:49:17.801Z","v":0}
{"name":"hexo","hostname":"PC201611071415","pid":9340,"level":20,"msg":"Processed: \u001b[35msource/img/sidebar_header.png\u001b[39m","time":"2017-03-07T06:49:17.802Z","v":0}
{"name":"hexo","hostname":"PC201611071415","pid":9340,"level":20,"msg":"Processed: \u001b[35msource/js/gallery/jquery.poptrox.min.js\u001b[39m","time":"2017-03-07T06:49:17.803Z","v":0}
{"name":"hexo","hostname":"PC201611071415","pid":9340,"level":20,"msg":"Processed: \u001b[35msource/js/gallery/jquery.scrollstop.min.js\u001b[39m","time":"2017-03-07T06:49:17.803Z","v":0}
{"name":"hexo","hostname":"PC201611071415","pid":9340,"level":20,"msg":"Processed: \u001b[35msource/js/gallery/main.min.js\u001b[39m","time":"2017-03-07T06:49:17.804Z","v":0}
{"name":"hexo","hostname":"PC201611071415","pid":9340,"level":20,"msg":"Processed: \u001b[35msource/js/gallery/skel.min.js\u001b[39m","time":"2017-03-07T06:49:17.804Z","v":0}
{"name":"hexo","hostname":"PC201611071415","pid":9340,"level":20,"msg":"Processed: \u001b[35msource/js/gallery/util.min.js\u001b[39m","time":"2017-03-07T06:49:17.805Z","v":0}
{"name":"hexo","hostname":"PC201611071415","pid":9340,"level":20,"msg":"Processed: \u001b[35msource/js/js.js\u001b[39m","time":"2017-03-07T06:49:17.806Z","v":0}
{"name":"hexo","hostname":"PC201611071415","pid":9340,"level":20,"msg":"Processed: \u001b[35mlayout/layout.ejs\u001b[39m","time":"2017-03-07T06:49:17.833Z","v":0}
{"name":"hexo","hostname":"PC201611071415","pid":9340,"level":20,"msg":"Processed: \u001b[35mlayout/post.ejs\u001b[39m","time":"2017-03-07T06:49:17.833Z","v":0}
{"name":"hexo","hostname":"PC201611071415","pid":9340,"level":20,"msg":"Processed: \u001b[35mlayout/_partial/Paradox-post-thumbnail.ejs\u001b[39m","time":"2017-03-07T06:49:17.834Z","v":0}
{"name":"hexo","hostname":"PC201611071415","pid":9340,"level":20,"msg":"Processed: \u001b[35mlayout/_partial/Paradox-post_entry-thumbnail.ejs\u001b[39m","time":"2017-03-07T06:49:17.834Z","v":0}
{"name":"hexo","hostname":"PC201611071415","pid":9340,"level":20,"msg":"Processed: \u001b[35mlayout/index.ejs\u001b[39m","time":"2017-03-07T06:49:17.834Z","v":0}
{"name":"hexo","hostname":"PC201611071415","pid":9340,"level":20,"msg":"Processed: \u001b[35mlayout/_partial/Isolation-post_entry.ejs\u001b[39m","time":"2017-03-07T06:49:17.835Z","v":0}
{"name":"hexo","hostname":"PC201611071415","pid":9340,"level":20,"msg":"Processed: \u001b[35mlayout/_partial/Paradox-post-info.ejs\u001b[39m","time":"2017-03-07T06:49:17.835Z","v":0}
{"name":"hexo","hostname":"PC201611071415","pid":9340,"level":20,"msg":"Processed: \u001b[35mlayout/_partial/comment.ejs\u001b[39m","time":"2017-03-07T06:49:17.836Z","v":0}
{"name":"hexo","hostname":"PC201611071415","pid":9340,"level":20,"msg":"Processed: \u001b[35mlayout/_partial/Paradox-post_entry.ejs\u001b[39m","time":"2017-03-07T06:49:17.837Z","v":0}
{"name":"hexo","hostname":"PC201611071415","pid":9340,"level":20,"msg":"Processed: \u001b[35msource/js/jquery.min.js\u001b[39m","time":"2017-03-07T06:49:17.839Z","v":0}
{"name":"hexo","hostname":"PC201611071415","pid":9340,"level":20,"msg":"Processed: \u001b[35msource/img/random/material-15.png\u001b[39m","time":"2017-03-07T06:49:17.842Z","v":0}
{"name":"hexo","hostname":"PC201611071415","pid":9340,"level":20,"msg":"Processed: \u001b[35msource/img/random/material-16.png\u001b[39m","time":"2017-03-07T06:49:17.843Z","v":0}
{"name":"hexo","hostname":"PC201611071415","pid":9340,"level":20,"msg":"Processed: \u001b[35msource/img/random/material-13.png\u001b[39m","time":"2017-03-07T06:49:17.845Z","v":0}
{"name":"hexo","hostname":"PC201611071415","pid":9340,"level":20,"msg":"Processed: \u001b[35msource/img/random/material-17.png\u001b[39m","time":"2017-03-07T06:49:17.847Z","v":0}
{"name":"hexo","hostname":"PC201611071415","pid":9340,"level":20,"msg":"Processed: \u001b[35msource/img/random/material-6.png\u001b[39m","time":"2017-03-07T06:49:17.847Z","v":0}
{"name":"hexo","hostname":"PC201611071415","pid":9340,"level":20,"msg":"Processed: \u001b[35mlayout/_partial/daily_pic.ejs\u001b[39m","time":"2017-03-07T06:49:17.909Z","v":0}
{"name":"hexo","hostname":"PC201611071415","pid":9340,"level":20,"msg":"Processed: \u001b[35mlayout/_partial/Paradox-search.ejs\u001b[39m","time":"2017-03-07T06:49:17.910Z","v":0}
{"name":"hexo","hostname":"PC201611071415","pid":9340,"level":20,"msg":"Processed: \u001b[35mlayout/_partial/config_css.ejs\u001b[39m","time":"2017-03-07T06:49:17.911Z","v":0}
{"name":"hexo","hostname":"PC201611071415","pid":9340,"level":20,"msg":"Processed: \u001b[35mlayout/_partial/footer.ejs\u001b[39m","time":"2017-03-07T06:49:17.911Z","v":0}
{"name":"hexo","hostname":"PC201611071415","pid":9340,"level":20,"msg":"Processed: \u001b[35mlayout/_partial/footer_top.ejs\u001b[39m","time":"2017-03-07T06:49:17.911Z","v":0}
{"name":"hexo","hostname":"PC201611071415","pid":9340,"level":20,"msg":"Processed: \u001b[35mlayout/_partial/head.ejs\u001b[39m","time":"2017-03-07T06:49:17.912Z","v":0}
{"name":"hexo","hostname":"PC201611071415","pid":9340,"level":20,"msg":"Processed: \u001b[35mlayout/_partial/blog_info.ejs\u001b[39m","time":"2017-03-07T06:49:17.912Z","v":0}
{"name":"hexo","hostname":"PC201611071415","pid":9340,"level":20,"msg":"Processed: \u001b[35mlayout/_partial/import_js.ejs\u001b[39m","time":"2017-03-07T06:49:17.913Z","v":0}
{"name":"hexo","hostname":"PC201611071415","pid":9340,"level":20,"msg":"Processed: \u001b[35mlayout/_partial/isolate-sns_list.ejs\u001b[39m","time":"2017-03-07T06:49:17.913Z","v":0}
{"name":"hexo","hostname":"PC201611071415","pid":9340,"level":20,"msg":"Processed: \u001b[35mlayout/_partial/post-content.ejs\u001b[39m","time":"2017-03-07T06:49:17.914Z","v":0}
{"name":"hexo","hostname":"PC201611071415","pid":9340,"level":20,"msg":"Processed: \u001b[35mlayout/_partial/post-header.ejs\u001b[39m","time":"2017-03-07T06:49:17.914Z","v":0}
{"name":"hexo","hostname":"PC201611071415","pid":9340,"level":20,"msg":"Processed: \u001b[35mlayout/_partial/isolate_info.ejs\u001b[39m","time":"2017-03-07T06:49:17.914Z","v":0}
{"name":"hexo","hostname":"PC201611071415","pid":9340,"level":20,"msg":"Processed: \u001b[35mlayout/_partial/post-info-share.ejs\u001b[39m","time":"2017-03-07T06:49:17.915Z","v":0}
{"name":"hexo","hostname":"PC201611071415","pid":9340,"level":20,"msg":"Processed: \u001b[35mlayout/_partial/footer-left.ejs\u001b[39m","time":"2017-03-07T06:49:17.915Z","v":0}
{"name":"hexo","hostname":"PC201611071415","pid":9340,"level":20,"msg":"Processed: \u001b[35mlayout/_partial/sidebar-footer_image.ejs\u001b[39m","time":"2017-03-07T06:49:17.915Z","v":0}
{"name":"hexo","hostname":"PC201611071415","pid":9340,"level":20,"msg":"Processed: \u001b[35mlayout/_partial/footer-option.ejs\u001b[39m","time":"2017-03-07T06:49:17.916Z","v":0}
{"name":"hexo","hostname":"PC201611071415","pid":9340,"level":20,"msg":"Processed: \u001b[35mlayout/_partial/post-nav.ejs\u001b[39m","time":"2017-03-07T06:49:17.916Z","v":0}
{"name":"hexo","hostname":"PC201611071415","pid":9340,"level":20,"msg":"Processed: \u001b[35mlayout/_partial/sidebar.ejs\u001b[39m","time":"2017-03-07T06:49:17.916Z","v":0}
{"name":"hexo","hostname":"PC201611071415","pid":9340,"level":20,"msg":"Processed: \u001b[35mlayout/_partial/sidebar-footer.ejs\u001b[39m","time":"2017-03-07T06:49:17.917Z","v":0}
{"name":"hexo","hostname":"PC201611071415","pid":9340,"level":20,"msg":"Processed: \u001b[35mlayout/_partial/sidebar-header.ejs\u001b[39m","time":"2017-03-07T06:49:17.917Z","v":0}
{"name":"hexo","hostname":"PC201611071415","pid":9340,"level":20,"msg":"Processed: \u001b[35mlayout/_partial/toc_button.ejs\u001b[39m","time":"2017-03-07T06:49:17.917Z","v":0}
{"name":"hexo","hostname":"PC201611071415","pid":9340,"level":20,"msg":"Processed: \u001b[35mlayout/_widget/duoshuo.ejs\u001b[39m","time":"2017-03-07T06:49:17.918Z","v":0}
{"name":"hexo","hostname":"PC201611071415","pid":9340,"level":20,"msg":"Processed: \u001b[35mlayout/_partial/sidebar-navigation.ejs\u001b[39m","time":"2017-03-07T06:49:17.918Z","v":0}
{"name":"hexo","hostname":"PC201611071415","pid":9340,"level":20,"msg":"Processed: \u001b[35mlayout/_widget/disqus.ejs\u001b[39m","time":"2017-03-07T06:49:17.918Z","v":0}
{"name":"hexo","hostname":"PC201611071415","pid":9340,"level":20,"msg":"Processed: \u001b[35mlayout/_widget/leancloud-views_num.ejs\u001b[39m","time":"2017-03-07T06:49:17.918Z","v":0}
{"name":"hexo","hostname":"PC201611071415","pid":9340,"level":20,"msg":"Processed: \u001b[35mlayout/_widget/disqus_click.ejs\u001b[39m","time":"2017-03-07T06:49:17.919Z","v":0}
{"name":"hexo","hostname":"PC201611071415","pid":9340,"level":20,"msg":"Processed: \u001b[35mlayout/_widget/leancloud-like.ejs\u001b[39m","time":"2017-03-07T06:49:17.919Z","v":0}
{"name":"hexo","hostname":"PC201611071415","pid":9340,"level":20,"msg":"Processed: \u001b[35mlayout/_widget/leancloud-views.ejs\u001b[39m","time":"2017-03-07T06:49:17.920Z","v":0}
{"name":"hexo","hostname":"PC201611071415","pid":9340,"level":20,"msg":"Processed: \u001b[35mlayout/_widget/mathjax.ejs\u001b[39m","time":"2017-03-07T06:49:17.920Z","v":0}
{"name":"hexo","hostname":"PC201611071415","pid":9340,"level":20,"msg":"Processed: \u001b[35mlayout/_widget/nprogress.ejs\u001b[39m","time":"2017-03-07T06:49:17.920Z","v":0}
{"name":"hexo","hostname":"PC201611071415","pid":9340,"level":20,"msg":"Processed: \u001b[35mlayout/_widget/page-gallery.ejs\u001b[39m","time":"2017-03-07T06:49:17.921Z","v":0}
{"name":"hexo","hostname":"PC201611071415","pid":9340,"level":20,"msg":"Processed: \u001b[35mlayout/_widget/search-swiftype-js.ejs\u001b[39m","time":"2017-03-07T06:49:17.922Z","v":0}
{"name":"hexo","hostname":"PC201611071415","pid":9340,"level":20,"msg":"Processed: \u001b[35mlayout/_widget/page-links.ejs\u001b[39m","time":"2017-03-07T06:49:17.922Z","v":0}
{"name":"hexo","hostname":"PC201611071415","pid":9340,"level":20,"msg":"Processed: \u001b[35mlayout/_widget/page-tagcloud.ejs\u001b[39m","time":"2017-03-07T06:49:17.923Z","v":0}
{"name":"hexo","hostname":"PC201611071415","pid":9340,"level":20,"msg":"Processed: \u001b[35mlayout/_widget/search-local-js.ejs\u001b[39m","time":"2017-03-07T06:49:17.923Z","v":0}
{"name":"hexo","hostname":"PC201611071415","pid":9340,"level":20,"msg":"Processed: \u001b[35msource/img/random/material-12.png\u001b[39m","time":"2017-03-07T06:49:17.928Z","v":0}
{"name":"hexo","hostname":"PC201611071415","pid":9340,"level":20,"msg":"Processed: \u001b[35msource/img/random/material-3.png\u001b[39m","time":"2017-03-07T06:49:17.932Z","v":0}
{"name":"hexo","hostname":"PC201611071415","pid":9340,"level":20,"msg":"Processed: \u001b[35msource/fonts/fontawesome-webfont.svg\u001b[39m","time":"2017-03-07T06:49:17.933Z","v":0}
{"name":"hexo","hostname":"PC201611071415","pid":9340,"level":20,"msg":"Processed: \u001b[35msource/img/random/material-9.png\u001b[39m","time":"2017-03-07T06:49:17.935Z","v":0}
{"name":"hexo","hostname":"PC201611071415","pid":9340,"level":20,"msg":"Processed: \u001b[35msource/img/random/material-10.png\u001b[39m","time":"2017-03-07T06:49:17.936Z","v":0}
{"name":"hexo","hostname":"PC201611071415","pid":9340,"level":20,"msg":"Processed: \u001b[35msource/img/random/material-4.png\u001b[39m","time":"2017-03-07T06:49:17.937Z","v":0}
{"name":"hexo","hostname":"PC201611071415","pid":9340,"level":20,"msg":"Processed: \u001b[35msource/img/random/material-11.png\u001b[39m","time":"2017-03-07T06:49:17.940Z","v":0}
{"name":"hexo","hostname":"PC201611071415","pid":9340,"level":20,"msg":"Processed: \u001b[35msource/img/random/material-19.png\u001b[39m","time":"2017-03-07T06:49:17.940Z","v":0}
{"name":"hexo","hostname":"PC201611071415","pid":9340,"level":20,"msg":"Processed: \u001b[35msource/img/random/material-8.png\u001b[39m","time":"2017-03-07T06:49:17.944Z","v":0}
{"name":"hexo","hostname":"PC201611071415","pid":9340,"level":20,"msg":"Processed: \u001b[35msource/fonts/Roboto-Bold.ttf\u001b[39m","time":"2017-03-07T06:49:17.946Z","v":0}
{"name":"hexo","hostname":"PC201611071415","pid":9340,"level":20,"msg":"Processed: \u001b[35msource/fonts/Roboto-Light.ttf\u001b[39m","time":"2017-03-07T06:49:17.947Z","v":0}
{"name":"hexo","hostname":"PC201611071415","pid":9340,"level":20,"msg":"Processed: \u001b[35msource/fonts/Roboto-Regular.ttf\u001b[39m","time":"2017-03-07T06:49:17.948Z","v":0}
{"name":"hexo","hostname":"PC201611071415","pid":9340,"level":20,"msg":"Processed: \u001b[35msource/fonts/Roboto-Medium.ttf\u001b[39m","time":"2017-03-07T06:49:17.949Z","v":0}
{"name":"hexo","hostname":"PC201611071415","pid":9340,"level":20,"msg":"Processed: \u001b[35msource/fonts/Roboto-Thin.ttf\u001b[39m","time":"2017-03-07T06:49:17.950Z","v":0}
{"name":"hexo","hostname":"PC201611071415","pid":9340,"level":20,"msg":"Processed: \u001b[35msource/img/random/material-1.png\u001b[39m","time":"2017-03-07T06:49:17.950Z","v":0}
{"name":"hexo","hostname":"PC201611071415","pid":9340,"level":20,"msg":"Processed: \u001b[35msource/fonts/Roboto-Black.ttf\u001b[39m","time":"2017-03-07T06:49:17.956Z","v":0}
{"name":"hexo","hostname":"PC201611071415","pid":9340,"level":20,"msg":"Processed: \u001b[35msource/img/random/material-2.png\u001b[39m","time":"2017-03-07T06:49:17.958Z","v":0}
{"name":"hexo","hostname":"PC201611071415","pid":9340,"level":20,"msg":"Processed: \u001b[35msource/img/random/material-7.png\u001b[39m","time":"2017-03-07T06:49:17.964Z","v":0}
{"name":"hexo","hostname":"PC201611071415","pid":9340,"level":20,"msg":"Processed: \u001b[35msource/img/random/material-18.png\u001b[39m","time":"2017-03-07T06:49:17.967Z","v":0}
{"name":"hexo","hostname":"PC201611071415","pid":9340,"level":20,"msg":"Processed: \u001b[35msource/img/random/material-5.png\u001b[39m","time":"2017-03-07T06:49:17.967Z","v":0}
{"name":"hexo","hostname":"PC201611071415","pid":9340,"level":20,"msg":"Processed: \u001b[35msource/img/random/material-14.png\u001b[39m","time":"2017-03-07T06:49:17.968Z","v":0}
{"name":"hexo","hostname":"PC201611071415","pid":9340,"level":20,"msg":"Generator: \u001b[35mpage\u001b[39m","time":"2017-03-07T06:49:18.627Z","v":0}
{"name":"hexo","hostname":"PC201611071415","pid":9340,"level":20,"msg":"Generator: \u001b[35mpost\u001b[39m","time":"2017-03-07T06:49:18.627Z","v":0}
{"name":"hexo","hostname":"PC201611071415","pid":9340,"level":20,"msg":"Generator: \u001b[35marchive\u001b[39m","time":"2017-03-07T06:49:18.627Z","v":0}
{"name":"hexo","hostname":"PC201611071415","pid":9340,"level":20,"msg":"Generator: \u001b[35mcategory\u001b[39m","time":"2017-03-07T06:49:18.628Z","v":0}
{"name":"hexo","hostname":"PC201611071415","pid":9340,"level":20,"msg":"Generator: \u001b[35mindex\u001b[39m","time":"2017-03-07T06:49:18.628Z","v":0}
{"name":"hexo","hostname":"PC201611071415","pid":9340,"level":20,"msg":"Generator: \u001b[35mtag\u001b[39m","time":"2017-03-07T06:49:18.629Z","v":0}
{"name":"hexo","hostname":"PC201611071415","pid":9340,"level":20,"msg":"Generator: \u001b[35masset\u001b[39m","time":"2017-03-07T06:49:18.631Z","v":0}
{"name":"hexo","hostname":"PC201611071415","pid":9340,"level":30,"msg":"Hexo is running at \u001b[4mhttp://localhost:4000/\u001b[24m. Press Ctrl+C to stop.","time":"2017-03-07T06:49:18.638Z","v":0}
{"name":"hexo","hostname":"PC201611071415","pid":9340,"level":20,"msg":"Database saved","time":"2017-03-07T06:49:18.653Z","v":0}
{"name":"hexo","hostname":"PC201611071415","pid":9340,"level":20,"msg":"Rendering index: \u001b[35mindex.html\u001b[39m","time":"2017-03-07T06:49:26.744Z","v":0}
{"name":"hexo","hostname":"PC201611071415","pid":9340,"level":30,"msg":"Catch you later","time":"2017-03-07T06:51:14.915Z","v":0}
{"name":"hexo","hostname":"PC201611071415","pid":8484,"level":20,"msg":"Hexo version: \u001b[35m3.2.2\u001b[39m","time":"2017-03-07T06:51:24.071Z","v":0}
{"name":"hexo","hostname":"PC201611071415","pid":8484,"level":20,"msg":"Working directory: \u001b[35mE:\\vue练习\\parent\\blog\\\u001b[39m","time":"2017-03-07T06:51:24.074Z","v":0}
{"name":"hexo","hostname":"PC201611071415","pid":8484,"level":20,"msg":"Config loaded: \u001b[35mE:\\vue练习\\parent\\blog\\_config.yml\u001b[39m","time":"2017-03-07T06:51:24.241Z","v":0}
{"name":"hexo","hostname":"PC201611071415","pid":8484,"level":20,"msg":"Script loaded: \u001b[35mthemes\\landscape\\scripts\\fancybox.js\u001b[39m","time":"2017-03-07T06:51:24.257Z","v":0}
{"name":"hexo","hostname":"PC201611071415","pid":8484,"level":20,"msg":"Plugin loaded: \u001b[35mhexo-deployer-git\u001b[39m","time":"2017-03-07T06:51:24.465Z","v":0}
{"name":"hexo","hostname":"PC201611071415","pid":8484,"level":20,"msg":"Plugin loaded: \u001b[35mhexo-generator-archive\u001b[39m","time":"2017-03-07T06:51:24.470Z","v":0}
{"name":"hexo","hostname":"PC201611071415","pid":8484,"level":20,"msg":"Plugin loaded: \u001b[35mhexo-generator-category\u001b[39m","time":"2017-03-07T06:51:24.474Z","v":0}
{"name":"hexo","hostname":"PC201611071415","pid":8484,"level":20,"msg":"Plugin loaded: \u001b[35mhexo-generator-index\u001b[39m","time":"2017-03-07T06:51:24.480Z","v":0}
{"name":"hexo","hostname":"PC201611071415","pid":8484,"level":20,"msg":"Plugin loaded: \u001b[35mhexo-generator-tag\u001b[39m","time":"2017-03-07T06:51:24.483Z","v":0}
{"name":"hexo","hostname":"PC201611071415","pid":8484,"level":20,"msg":"Plugin loaded: \u001b[35mhexo-renderer-ejs\u001b[39m","time":"2017-03-07T06:51:24.490Z","v":0}
{"name":"hexo","hostname":"PC201611071415","pid":8484,"level":20,"msg":"Plugin loaded: \u001b[35mhexo-renderer-stylus\u001b[39m","time":"2017-03-07T06:51:24.494Z","v":0}
{"name":"hexo","hostname":"PC201611071415","pid":8484,"level":20,"msg":"Plugin loaded: \u001b[35mhexo-renderer-marked\u001b[39m","time":"2017-03-07T06:51:24.505Z","v":0}
{"name":"hexo","hostname":"PC201611071415","pid":8484,"level":20,"msg":"Plugin loaded: \u001b[35mhexo-server\u001b[39m","time":"2017-03-07T06:51:24.607Z","v":0}
{"name":"hexo","hostname":"PC201611071415","pid":8484,"level":20,"msg":"Loading database.","time":"2017-03-07T06:51:24.618Z","v":0}
{"name":"hexo","hostname":"PC201611071415","pid":8484,"level":30,"msg":"Start processing","time":"2017-03-07T06:51:24.690Z","v":0}
{"name":"hexo","hostname":"PC201611071415","pid":8484,"level":20,"msg":"Processed: \u001b[35m_posts/hello-world.md\u001b[39m","time":"2017-03-07T06:51:24.777Z","v":0}
{"name":"hexo","hostname":"PC201611071415","pid":8484,"level":20,"msg":"Processed: \u001b[35msource/fancybox/blank.gif\u001b[39m","time":"2017-03-07T06:51:24.886Z","v":0}
{"name":"hexo","hostname":"PC201611071415","pid":8484,"level":20,"msg":"Processed: \u001b[35msource/css/style.styl\u001b[39m","time":"2017-03-07T06:51:24.888Z","v":0}
{"name":"hexo","hostname":"PC201611071415","pid":8484,"level":20,"msg":"Processed: \u001b[35msource/fancybox/fancybox_sprite.png\u001b[39m","time":"2017-03-07T06:51:24.890Z","v":0}
{"name":"hexo","hostname":"PC201611071415","pid":8484,"level":20,"msg":"Processed: \u001b[35msource/fancybox/jquery.fancybox.css\u001b[39m","time":"2017-03-07T06:51:24.890Z","v":0}
{"name":"hexo","hostname":"PC201611071415","pid":8484,"level":20,"msg":"Processed: \u001b[35msource/fancybox/fancybox_sprite@2x.png\u001b[39m","time":"2017-03-07T06:51:24.891Z","v":0}
{"name":"hexo","hostname":"PC201611071415","pid":8484,"level":20,"msg":"Processed: \u001b[35msource/js/script.js\u001b[39m","time":"2017-03-07T06:51:24.892Z","v":0}
{"name":"hexo","hostname":"PC201611071415","pid":8484,"level":20,"msg":"Processed: \u001b[35msource/fancybox/fancybox_loading.gif\u001b[39m","time":"2017-03-07T06:51:24.892Z","v":0}
{"name":"hexo","hostname":"PC201611071415","pid":8484,"level":20,"msg":"Processed: \u001b[35msource/fancybox/jquery.fancybox.pack.js\u001b[39m","time":"2017-03-07T06:51:24.893Z","v":0}
{"name":"hexo","hostname":"PC201611071415","pid":8484,"level":20,"msg":"Theme config loaded.","time":"2017-03-07T06:51:24.896Z","v":0}
{"name":"hexo","hostname":"PC201611071415","pid":8484,"level":20,"msg":"Processed: \u001b[35m_config.yml\u001b[39m","time":"2017-03-07T06:51:24.897Z","v":0}
{"name":"hexo","hostname":"PC201611071415","pid":8484,"level":20,"msg":"Processed: \u001b[35msource/fancybox/jquery.fancybox.js\u001b[39m","time":"2017-03-07T06:51:24.942Z","v":0}
{"name":"hexo","hostname":"PC201611071415","pid":8484,"level":20,"msg":"Processed: \u001b[35msource/fancybox/fancybox_loading@2x.gif\u001b[39m","time":"2017-03-07T06:51:24.943Z","v":0}
{"name":"hexo","hostname":"PC201611071415","pid":8484,"level":20,"msg":"Processed: \u001b[35mlayout/archive.ejs\u001b[39m","time":"2017-03-07T06:51:24.956Z","v":0}
{"name":"hexo","hostname":"PC201611071415","pid":8484,"level":20,"msg":"Processed: \u001b[35mlayout/category.ejs\u001b[39m","time":"2017-03-07T06:51:24.957Z","v":0}
{"name":"hexo","hostname":"PC201611071415","pid":8484,"level":20,"msg":"Processed: \u001b[35mlayout/index.ejs\u001b[39m","time":"2017-03-07T06:51:24.957Z","v":0}
{"name":"hexo","hostname":"PC201611071415","pid":8484,"level":20,"msg":"Processed: \u001b[35mlanguages/fr.yml\u001b[39m","time":"2017-03-07T06:51:24.959Z","v":0}
{"name":"hexo","hostname":"PC201611071415","pid":8484,"level":20,"msg":"Processed: \u001b[35mlanguages/default.yml\u001b[39m","time":"2017-03-07T06:51:24.960Z","v":0}
{"name":"hexo","hostname":"PC201611071415","pid":8484,"level":20,"msg":"Processed: \u001b[35mlanguages/nl.yml\u001b[39m","time":"2017-03-07T06:51:24.960Z","v":0}
{"name":"hexo","hostname":"PC201611071415","pid":8484,"level":20,"msg":"Processed: \u001b[35mlanguages/zh-CN.yml\u001b[39m","time":"2017-03-07T06:51:24.961Z","v":0}
{"name":"hexo","hostname":"PC201611071415","pid":8484,"level":20,"msg":"Processed: \u001b[35mlanguages/no.yml\u001b[39m","time":"2017-03-07T06:51:24.961Z","v":0}
{"name":"hexo","hostname":"PC201611071415","pid":8484,"level":20,"msg":"Processed: \u001b[35mlanguages/zh-TW.yml\u001b[39m","time":"2017-03-07T06:51:24.962Z","v":0}
{"name":"hexo","hostname":"PC201611071415","pid":8484,"level":20,"msg":"Processed: \u001b[35mlanguages/ru.yml\u001b[39m","time":"2017-03-07T06:51:24.962Z","v":0}
{"name":"hexo","hostname":"PC201611071415","pid":8484,"level":20,"msg":"Processed: \u001b[35msource/fancybox/fancybox_overlay.png\u001b[39m","time":"2017-03-07T06:51:24.965Z","v":0}
{"name":"hexo","hostname":"PC201611071415","pid":8484,"level":20,"msg":"Processed: \u001b[35msource/css/fonts/FontAwesome.otf\u001b[39m","time":"2017-03-07T06:51:24.971Z","v":0}
{"name":"hexo","hostname":"PC201611071415","pid":8484,"level":20,"msg":"Processed: \u001b[35msource/css/fonts/fontawesome-webfont.eot\u001b[39m","time":"2017-03-07T06:51:24.972Z","v":0}
{"name":"hexo","hostname":"PC201611071415","pid":8484,"level":20,"msg":"Processed: \u001b[35msource/css/fonts/fontawesome-webfont.woff\u001b[39m","time":"2017-03-07T06:51:24.973Z","v":0}
{"name":"hexo","hostname":"PC201611071415","pid":8484,"level":20,"msg":"Processed: \u001b[35msource/fancybox/helpers/fancybox_buttons.png\u001b[39m","time":"2017-03-07T06:51:24.974Z","v":0}
{"name":"hexo","hostname":"PC201611071415","pid":8484,"level":20,"msg":"Processed: \u001b[35msource/fancybox/helpers/jquery.fancybox-buttons.css\u001b[39m","time":"2017-03-07T06:51:24.975Z","v":0}
{"name":"hexo","hostname":"PC201611071415","pid":8484,"level":20,"msg":"Processed: \u001b[35mlayout/layout.ejs\u001b[39m","time":"2017-03-07T06:51:24.979Z","v":0}
{"name":"hexo","hostname":"PC201611071415","pid":8484,"level":20,"msg":"Processed: \u001b[35mlayout/page.ejs\u001b[39m","time":"2017-03-07T06:51:24.979Z","v":0}
{"name":"hexo","hostname":"PC201611071415","pid":8484,"level":20,"msg":"Processed: \u001b[35mlayout/post.ejs\u001b[39m","time":"2017-03-07T06:51:24.980Z","v":0}
{"name":"hexo","hostname":"PC201611071415","pid":8484,"level":20,"msg":"Processed: \u001b[35mlayout/tag.ejs\u001b[39m","time":"2017-03-07T06:51:24.980Z","v":0}
{"name":"hexo","hostname":"PC201611071415","pid":8484,"level":20,"msg":"Processed: \u001b[35msource/fancybox/helpers/jquery.fancybox-buttons.js\u001b[39m","time":"2017-03-07T06:51:24.982Z","v":0}
{"name":"hexo","hostname":"PC201611071415","pid":8484,"level":20,"msg":"Processed: \u001b[35msource/fancybox/helpers/jquery.fancybox-thumbs.css\u001b[39m","time":"2017-03-07T06:51:24.982Z","v":0}
{"name":"hexo","hostname":"PC201611071415","pid":8484,"level":20,"msg":"Processed: \u001b[35msource/fancybox/helpers/jquery.fancybox-media.js\u001b[39m","time":"2017-03-07T06:51:24.983Z","v":0}
{"name":"hexo","hostname":"PC201611071415","pid":8484,"level":20,"msg":"Processed: \u001b[35mlayout/_partial/archive-post.ejs\u001b[39m","time":"2017-03-07T06:51:24.985Z","v":0}
{"name":"hexo","hostname":"PC201611071415","pid":8484,"level":20,"msg":"Processed: \u001b[35mlayout/_partial/footer.ejs\u001b[39m","time":"2017-03-07T06:51:24.986Z","v":0}
{"name":"hexo","hostname":"PC201611071415","pid":8484,"level":20,"msg":"Processed: \u001b[35mlayout/_partial/google-analytics.ejs\u001b[39m","time":"2017-03-07T06:51:24.986Z","v":0}
{"name":"hexo","hostname":"PC201611071415","pid":8484,"level":20,"msg":"Processed: \u001b[35msource/fancybox/helpers/jquery.fancybox-thumbs.js\u001b[39m","time":"2017-03-07T06:51:24.987Z","v":0}
{"name":"hexo","hostname":"PC201611071415","pid":8484,"level":20,"msg":"Processed: \u001b[35mlayout/_partial/mobile-nav.ejs\u001b[39m","time":"2017-03-07T06:51:24.999Z","v":0}
{"name":"hexo","hostname":"PC201611071415","pid":8484,"level":20,"msg":"Processed: \u001b[35mlayout/_widget/archive.ejs\u001b[39m","time":"2017-03-07T06:51:25.002Z","v":0}
{"name":"hexo","hostname":"PC201611071415","pid":8484,"level":20,"msg":"Processed: \u001b[35mlayout/_widget/category.ejs\u001b[39m","time":"2017-03-07T06:51:25.002Z","v":0}
{"name":"hexo","hostname":"PC201611071415","pid":8484,"level":20,"msg":"Processed: \u001b[35mlayout/_partial/sidebar.ejs\u001b[39m","time":"2017-03-07T06:51:25.003Z","v":0}
{"name":"hexo","hostname":"PC201611071415","pid":8484,"level":20,"msg":"Processed: \u001b[35mlayout/_widget/recent_posts.ejs\u001b[39m","time":"2017-03-07T06:51:25.003Z","v":0}
{"name":"hexo","hostname":"PC201611071415","pid":8484,"level":20,"msg":"Processed: \u001b[35mlayout/_widget/tag.ejs\u001b[39m","time":"2017-03-07T06:51:25.004Z","v":0}
{"name":"hexo","hostname":"PC201611071415","pid":8484,"level":20,"msg":"Processed: \u001b[35mlayout/_widget/tagcloud.ejs\u001b[39m","time":"2017-03-07T06:51:25.004Z","v":0}
{"name":"hexo","hostname":"PC201611071415","pid":8484,"level":20,"msg":"Processed: \u001b[35mlayout/_partial/article.ejs\u001b[39m","time":"2017-03-07T06:51:25.005Z","v":0}
{"name":"hexo","hostname":"PC201611071415","pid":8484,"level":20,"msg":"Processed: \u001b[35mlayout/_partial/archive.ejs\u001b[39m","time":"2017-03-07T06:51:25.005Z","v":0}
{"name":"hexo","hostname":"PC201611071415","pid":8484,"level":20,"msg":"Processed: \u001b[35mlayout/_partial/head.ejs\u001b[39m","time":"2017-03-07T06:51:25.006Z","v":0}
{"name":"hexo","hostname":"PC201611071415","pid":8484,"level":20,"msg":"Processed: \u001b[35mlayout/_partial/header.ejs\u001b[39m","time":"2017-03-07T06:51:25.006Z","v":0}
{"name":"hexo","hostname":"PC201611071415","pid":8484,"level":20,"msg":"Processed: \u001b[35mlayout/_partial/after-footer.ejs\u001b[39m","time":"2017-03-07T06:51:25.006Z","v":0}
{"name":"hexo","hostname":"PC201611071415","pid":8484,"level":20,"msg":"Processed: \u001b[35msource/css/fonts/fontawesome-webfont.ttf\u001b[39m","time":"2017-03-07T06:51:25.009Z","v":0}
{"name":"hexo","hostname":"PC201611071415","pid":8484,"level":20,"msg":"Processed: \u001b[35mlayout/_partial/post/category.ejs\u001b[39m","time":"2017-03-07T06:51:25.018Z","v":0}
{"name":"hexo","hostname":"PC201611071415","pid":8484,"level":20,"msg":"Processed: \u001b[35mlayout/_partial/post/date.ejs\u001b[39m","time":"2017-03-07T06:51:25.019Z","v":0}
{"name":"hexo","hostname":"PC201611071415","pid":8484,"level":20,"msg":"Processed: \u001b[35mlayout/_partial/post/gallery.ejs\u001b[39m","time":"2017-03-07T06:51:25.019Z","v":0}
{"name":"hexo","hostname":"PC201611071415","pid":8484,"level":20,"msg":"Processed: \u001b[35mlayout/_partial/post/title.ejs\u001b[39m","time":"2017-03-07T06:51:25.020Z","v":0}
{"name":"hexo","hostname":"PC201611071415","pid":8484,"level":20,"msg":"Processed: \u001b[35mlayout/_partial/post/tag.ejs\u001b[39m","time":"2017-03-07T06:51:25.021Z","v":0}
{"name":"hexo","hostname":"PC201611071415","pid":8484,"level":20,"msg":"Processed: \u001b[35mlayout/_partial/post/nav.ejs\u001b[39m","time":"2017-03-07T06:51:25.021Z","v":0}
{"name":"hexo","hostname":"PC201611071415","pid":8484,"level":20,"msg":"Processed: \u001b[35msource/css/images/banner.jpg\u001b[39m","time":"2017-03-07T06:51:25.022Z","v":0}
{"name":"hexo","hostname":"PC201611071415","pid":8484,"level":20,"msg":"Processed: \u001b[35msource/css/fonts/fontawesome-webfont.svg\u001b[39m","time":"2017-03-07T06:51:25.026Z","v":0}
{"name":"hexo","hostname":"PC201611071415","pid":8484,"level":20,"msg":"Generator: \u001b[35mpage\u001b[39m","time":"2017-03-07T06:51:25.125Z","v":0}
{"name":"hexo","hostname":"PC201611071415","pid":8484,"level":20,"msg":"Generator: \u001b[35mpost\u001b[39m","time":"2017-03-07T06:51:25.125Z","v":0}
{"name":"hexo","hostname":"PC201611071415","pid":8484,"level":20,"msg":"Generator: \u001b[35marchive\u001b[39m","time":"2017-03-07T06:51:25.127Z","v":0}
{"name":"hexo","hostname":"PC201611071415","pid":8484,"level":20,"msg":"Generator: \u001b[35mcategory\u001b[39m","time":"2017-03-07T06:51:25.127Z","v":0}
{"name":"hexo","hostname":"PC201611071415","pid":8484,"level":20,"msg":"Generator: \u001b[35mindex\u001b[39m","time":"2017-03-07T06:51:25.128Z","v":0}
{"name":"hexo","hostname":"PC201611071415","pid":8484,"level":20,"msg":"Generator: \u001b[35mtag\u001b[39m","time":"2017-03-07T06:51:25.128Z","v":0}
{"name":"hexo","hostname":"PC201611071415","pid":8484,"level":20,"msg":"Generator: \u001b[35masset\u001b[39m","time":"2017-03-07T06:51:25.130Z","v":0}
{"name":"hexo","hostname":"PC201611071415","pid":8484,"level":30,"msg":"Hexo is running at \u001b[4mhttp://localhost:4000/\u001b[24m. Press Ctrl+C to stop.","time":"2017-03-07T06:51:25.137Z","v":0}
{"name":"hexo","hostname":"PC201611071415","pid":8484,"level":20,"msg":"Database saved","time":"2017-03-07T06:51:25.159Z","v":0}
{"name":"hexo","hostname":"PC201611071415","pid":8484,"level":20,"msg":"Rendering index: \u001b[35mindex.html\u001b[39m","time":"2017-03-07T06:51:28.765Z","v":0}
{"name":"hexo","hostname":"PC201611071415","pid":8484,"level":20,"msg":"Rendering index: \u001b[35mindex.html\u001b[39m","time":"2017-03-07T06:51:32.166Z","v":0}
{"name":"hexo","hostname":"PC201611071415","pid":8484,"level":20,"msg":"Rendering index: \u001b[35mindex.html\u001b[39m","time":"2017-03-07T06:52:48.249Z","v":0}
{"name":"hexo","hostname":"PC201611071415","pid":8484,"level":30,"msg":"Good bye","time":"2017-03-07T06:52:54.863Z","v":0}
{"name":"hexo","hostname":"PC201611071415","pid":8484,"level":20,"msg":"Database saved","time":"2017-03-07T06:52:54.902Z","v":0}
